2014/02/22 20:16:32 [error] [exception.CException] exception 'CException' with message 'Property "CDbConnection.prefix" is not defined.' in /Users/aleksandr/Documents/web_projetcs/lesenok.local/framework/base/CComponent.php:173
Stack trace:
#0 /Users/aleksandr/Documents/web_projetcs/lesenok.local/framework/YiiBase.php(220): CComponent->__set('prefix', 'data_')
#1 /Users/aleksandr/Documents/web_projetcs/lesenok.local/framework/base/CModule.php(386): YiiBase::createComponent(Array)
#2 /Users/aleksandr/Documents/web_projetcs/lesenok.local/framework/base/CModule.php(103): CModule->getComponent('db')
#3 /Users/aleksandr/Documents/web_projetcs/lesenok.local/framework/gii/generators/model/ModelCode.php(60): CModule->__get('db')
#4 /Users/aleksandr/Documents/web_projetcs/lesenok.local/framework/web/CFormModel.php(39): ModelCode->init()
#5 /Users/aleksandr/Documents/web_projetcs/lesenok.local/framework/gii/CCodeGenerator.php(153): CFormModel->__construct()
#6 /Users/aleksandr/Documents/web_projetcs/lesenok.local/framework/gii/CCodeGenerator.php(63): CCodeGenerator->prepare()
#7 /Users/aleksandr/Documents/web_projetcs/lesenok.local/framework/web/actions/CInlineAction.php(49): CCodeGenerator->actionIndex()
#8 /Users/aleksandr/Documents/web_projetcs/lesenok.local/framework/web/CController.php(308): CInlineAction->runWithParams(Array)
#9 /Users/aleksandr/Documents/web_projetcs/lesenok.local/framework/web/CController.php(286): CController->runAction(Object(CInlineAction))
#10 /Users/aleksandr/Documents/web_projetcs/lesenok.local/framework/web/CController.php(265): CController->runActionWithFilters(Object(CInlineAction), Array)
#11 /Users/aleksandr/Documents/web_projetcs/lesenok.local/framework/web/CWebApplication.php(282): CController->run('index')
#12 /Users/aleksandr/Documents/web_projetcs/lesenok.local/framework/web/CWebApplication.php(141): CWebApplication->runController('gii/model/index')
#13 /Users/aleksandr/Documents/web_projetcs/lesenok.local/framework/base/CApplication.php(180): CWebApplication->processRequest()
#14 /Users/aleksandr/Documents/web_projetcs/lesenok.local/apps/dss/index.php(13): CApplication->run()
#15 {main}
REQUEST_URI=/apps/dss/index.php?r=gii/model/index
HTTP_REFERER=http://lesenok.local/apps/dss/index.php?r=gii/default/index
---
2014/02/22 20:17:09 [error] [exception.CDbException] exception 'CDbException' with message 'CDbConnection failed to open the DB connection: SQLSTATE[28000] [1045] Access denied for user 'root'@'localhost' (using password: NO)' in /Users/aleksandr/Documents/web_projetcs/lesenok.local/framework/db/CDbConnection.php:382
Stack trace:
#0 /Users/aleksandr/Documents/web_projetcs/lesenok.local/framework/db/CDbConnection.php(330): CDbConnection->open()
#1 /Users/aleksandr/Documents/web_projetcs/lesenok.local/framework/db/CDbConnection.php(308): CDbConnection->setActive(true)
#2 /Users/aleksandr/Documents/web_projetcs/lesenok.local/framework/base/CModule.php(387): CDbConnection->init()
#3 /Users/aleksandr/Documents/web_projetcs/lesenok.local/framework/base/CModule.php(103): CModule->getComponent('db')
#4 /Users/aleksandr/Documents/web_projetcs/lesenok.local/framework/gii/generators/model/ModelCode.php(60): CModule->__get('db')
#5 /Users/aleksandr/Documents/web_projetcs/lesenok.local/framework/web/CFormModel.php(39): ModelCode->init()
#6 /Users/aleksandr/Documents/web_projetcs/lesenok.local/framework/gii/CCodeGenerator.php(153): CFormModel->__construct()
#7 /Users/aleksandr/Documents/web_projetcs/lesenok.local/framework/gii/CCodeGenerator.php(63): CCodeGenerator->prepare()
#8 /Users/aleksandr/Documents/web_projetcs/lesenok.local/framework/web/actions/CInlineAction.php(49): CCodeGenerator->actionIndex()
#9 /Users/aleksandr/Documents/web_projetcs/lesenok.local/framework/web/CController.php(308): CInlineAction->runWithParams(Array)
#10 /Users/aleksandr/Documents/web_projetcs/lesenok.local/framework/web/CController.php(286): CController->runAction(Object(CInlineAction))
#11 /Users/aleksandr/Documents/web_projetcs/lesenok.local/framework/web/CController.php(265): CController->runActionWithFilters(Object(CInlineAction), Array)
#12 /Users/aleksandr/Documents/web_projetcs/lesenok.local/framework/web/CWebApplication.php(282): CController->run('index')
#13 /Users/aleksandr/Documents/web_projetcs/lesenok.local/framework/web/CWebApplication.php(141): CWebApplication->runController('gii/model/index')
#14 /Users/aleksandr/Documents/web_projetcs/lesenok.local/framework/base/CApplication.php(180): CWebApplication->processRequest()
#15 /Users/aleksandr/Documents/web_projetcs/lesenok.local/apps/dss/index.php(13): CApplication->run()
#16 {main}
REQUEST_URI=/apps/dss/index.php?r=gii/model/index
HTTP_REFERER=http://lesenok.local/apps/dss/index.php?r=gii/default/index
---
2014/02/22 20:29:08 [error] [php] Undefined index: id (/Users/aleksandr/Documents/web_projetcs/lesenok.local/apps/dss/protected/controllers/TaxonomyTermController.php:65)
Stack trace:
#0 /Users/aleksandr/Documents/web_projetcs/lesenok.local/framework/web/filters/CFilterChain.php(133): TaxonomyTermController->runAction()
#1 /Users/aleksandr/Documents/web_projetcs/lesenok.local/framework/web/filters/CFilter.php(40): CFilterChain->run()
#2 /Users/aleksandr/Documents/web_projetcs/lesenok.local/framework/web/CController.php(1145): CAccessControlFilter->filter()
#3 /Users/aleksandr/Documents/web_projetcs/lesenok.local/framework/web/filters/CInlineFilter.php(58): TaxonomyTermController->filterAccessControl()
#4 /Users/aleksandr/Documents/web_projetcs/lesenok.local/framework/web/filters/CFilterChain.php(130): CInlineFilter->filter()
#5 /Users/aleksandr/Documents/web_projetcs/lesenok.local/framework/web/CController.php(291): CFilterChain->run()
#6 /Users/aleksandr/Documents/web_projetcs/lesenok.local/framework/web/CController.php(265): TaxonomyTermController->runActionWithFilters()
#7 /Users/aleksandr/Documents/web_projetcs/lesenok.local/framework/web/CWebApplication.php(282): TaxonomyTermController->run()
#8 /Users/aleksandr/Documents/web_projetcs/lesenok.local/framework/web/CWebApplication.php(141): CWebApplication->runController()
#9 /Users/aleksandr/Documents/web_projetcs/lesenok.local/framework/base/CApplication.php(180): CWebApplication->processRequest()
#10 /Users/aleksandr/Documents/web_projetcs/lesenok.local/apps/dss/index.php(13): CWebApplication->run()
REQUEST_URI=/apps/dss/index.php?r=taxonomyTerm/create&id=2
in /Users/aleksandr/Documents/web_projetcs/lesenok.local/apps/dss/protected/controllers/TaxonomyTermController.php (65)
in /Users/aleksandr/Documents/web_projetcs/lesenok.local/apps/dss/index.php (13)
2014/02/22 20:35:05 [error] [php] include(term_name.php): failed to open stream: No such file or directory (/Users/aleksandr/Documents/web_projetcs/lesenok.local/framework/YiiBase.php:427)
Stack trace:
#0 /Users/aleksandr/Documents/web_projetcs/lesenok.local/framework/validators/CValidator.php(186): import()
#1 /Users/aleksandr/Documents/web_projetcs/lesenok.local/framework/base/CModel.php(287): createValidator()
#2 /Users/aleksandr/Documents/web_projetcs/lesenok.local/framework/base/CModel.php(260): TaxonomyTerm->createValidators()
#3 /Users/aleksandr/Documents/web_projetcs/lesenok.local/framework/base/CModel.php(304): TaxonomyTerm->getValidators()
#4 /Users/aleksandr/Documents/web_projetcs/lesenok.local/framework/web/helpers/CHtml.php(1414): TaxonomyTerm->isAttributeRequired()
#5 /Users/aleksandr/Documents/web_projetcs/lesenok.local/framework/web/widgets/CActiveForm.php(597): activeLabelEx()
#6 /Users/aleksandr/Documents/web_projetcs/lesenok.local/apps/dss/protected/extensions/bootstrap/widgets/input/TbInput.php(253): TbActiveForm->labelEx()
#7 /Users/aleksandr/Documents/web_projetcs/lesenok.local/apps/dss/protected/extensions/bootstrap/widgets/input/TbInputVertical.php(140): TbInputVertical->getLabel()
#8 /Users/aleksandr/Documents/web_projetcs/lesenok.local/apps/dss/protected/extensions/bootstrap/widgets/input/TbInput.php(230): TbInputVertical->textField()
#9 /Users/aleksandr/Documents/web_projetcs/lesenok.local/framework/web/CBaseController.php(173): TbInputVertical->run()
#10 /Users/aleksandr/Documents/web_projetcs/lesenok.local/apps/dss/protected/extensions/bootstrap/widgets/TbActiveForm.php(497): TaxonomyTermController->widget()
#11 /Users/aleksandr/Documents/web_projetcs/lesenok.local/apps/dss/protected/extensions/bootstrap/widgets/TbActiveForm.php(186): TbActiveForm->inputRow()
#12 /Users/aleksandr/Documents/web_projetcs/lesenok.local/apps/dss/protected/views/taxonomyTerm/_form.php(12): TbActiveForm->textFieldRow()
#13 /Users/aleksandr/Documents/web_projetcs/lesenok.local/framework/web/CBaseController.php(126): require()
#14 /Users/aleksandr/Documents/web_projetcs/lesenok.local/framework/web/CBaseController.php(95): TaxonomyTermController->renderInternal()
#15 /Users/aleksandr/Documents/web_projetcs/lesenok.local/framework/web/CController.php(869): TaxonomyTermController->renderFile()
#16 /Users/aleksandr/Documents/web_projetcs/lesenok.local/apps/dss/protected/views/taxonomyTerm/create.php(15): TaxonomyTermController->renderPartial()
#17 /Users/aleksandr/Documents/web_projetcs/lesenok.local/framework/web/CBaseController.php(126): require()
#18 /Users/aleksandr/Documents/web_projetcs/lesenok.local/framework/web/CBaseController.php(95): TaxonomyTermController->renderInternal()
#19 /Users/aleksandr/Documents/web_projetcs/lesenok.local/framework/web/CController.php(869): TaxonomyTermController->renderFile()
#20 /Users/aleksandr/Documents/web_projetcs/lesenok.local/framework/web/CController.php(782): TaxonomyTermController->renderPartial()
#21 /Users/aleksandr/Documents/web_projetcs/lesenok.local/apps/dss/protected/controllers/TaxonomyTermController.php(79): TaxonomyTermController->render()
#22 /Users/aleksandr/Documents/web_projetcs/lesenok.local/framework/web/actions/CInlineAction.php(49): TaxonomyTermController->actionCreate()
#23 /Users/aleksandr/Documents/web_projetcs/lesenok.local/framework/web/CController.php(308): CInlineAction->runWithParams()
#24 /Users/aleksandr/Documents/web_projetcs/lesenok.local/framework/web/filters/CFilterChain.php(133): TaxonomyTermController->runAction()
#25 /Users/aleksandr/Documents/web_projetcs/lesenok.local/framework/web/filters/CFilter.php(40): CFilterChain->run()
#26 /Users/aleksandr/Documents/web_projetcs/lesenok.local/framework/web/CController.php(1145): CAccessControlFilter->filter()
#27 /Users/aleksandr/Documents/web_projetcs/lesenok.local/framework/web/filters/CInlineFilter.php(58): TaxonomyTermController->filterAccessControl()
#28 /Users/aleksandr/Documents/web_projetcs/lesenok.local/framework/web/filters/CFilterChain.php(130): CInlineFilter->filter()
#29 /Users/aleksandr/Documents/web_projetcs/lesenok.local/framework/web/CController.php(291): CFilterChain->run()
#30 /Users/aleksandr/Documents/web_projetcs/lesenok.local/framework/web/CController.php(265): TaxonomyTermController->runActionWithFilters()
#31 /Users/aleksandr/Documents/web_projetcs/lesenok.local/framework/web/CWebApplication.php(282): TaxonomyTermController->run()
#32 /Users/aleksandr/Documents/web_projetcs/lesenok.local/framework/web/CWebApplication.php(141): CWebApplication->runController()
#33 /Users/aleksandr/Documents/web_projetcs/lesenok.local/framework/base/CApplication.php(180): CWebApplication->processRequest()
#34 /Users/aleksandr/Documents/web_projetcs/lesenok.local/apps/dss/index.php(13): CWebApplication->run()
REQUEST_URI=/apps/dss/index.php?r=taxonomyTerm/create&id=2
in /Users/aleksandr/Documents/web_projetcs/lesenok.local/apps/dss/protected/extensions/bootstrap/widgets/input/TbInput.php (253)
in /Users/aleksandr/Documents/web_projetcs/lesenok.local/apps/dss/protected/extensions/bootstrap/widgets/input/TbInputVertical.php (140)
in /Users/aleksandr/Documents/web_projetcs/lesenok.local/apps/dss/protected/extensions/bootstrap/widgets/input/TbInput.php (230)
2014/02/22 20:38:26 [error] [exception.CException] exception 'CException' with message 'Property "TbGridView.data" is not defined.' in /Users/aleksandr/Documents/web_projetcs/lesenok.local/framework/base/CComponent.php:173
Stack trace:
#0 /Users/aleksandr/Documents/web_projetcs/lesenok.local/framework/web/CWidgetFactory.php(161): CComponent->__set('data', Array)
#1 /Users/aleksandr/Documents/web_projetcs/lesenok.local/framework/web/CBaseController.php(146): CWidgetFactory->createWidget(Object(TaxonomyController), 'bootstrap.widge...', Array)
#2 /Users/aleksandr/Documents/web_projetcs/lesenok.local/framework/web/CBaseController.php(172): CBaseController->createWidget('bootstrap.widge...', Array)
#3 /Users/aleksandr/Documents/web_projetcs/lesenok.local/apps/dss/protected/views/taxonomy/view.php(32): CBaseController->widget('bootstrap.widge...', Array)
#4 /Users/aleksandr/Documents/web_projetcs/lesenok.local/framework/web/CBaseController.php(126): require('/Users/aleksand...')
#5 /Users/aleksandr/Documents/web_projetcs/lesenok.local/framework/web/CBaseController.php(95): CBaseController->renderInternal('/Users/aleksand...', Array, true)
#6 /Users/aleksandr/Documents/web_projetcs/lesenok.local/framework/web/CController.php(869): CBaseController->renderFile('/Users/aleksand...', Array, true)
#7 /Users/aleksandr/Documents/web_projetcs/lesenok.local/framework/web/CController.php(782): CController->renderPartial('view', Array, true)
#8 /Users/aleksandr/Documents/web_projetcs/lesenok.local/apps/dss/protected/controllers/TaxonomyController.php(55): CController->render('view', Array)
#9 [internal function]: TaxonomyController->actionView('2')
#10 /Users/aleksandr/Documents/web_projetcs/lesenok.local/framework/web/actions/CAction.php(108): ReflectionMethod->invokeArgs(Object(TaxonomyController), Array)
#11 /Users/aleksandr/Documents/web_projetcs/lesenok.local/framework/web/actions/CInlineAction.php(47): CAction->runWithParamsInternal(Object(TaxonomyController), Object(ReflectionMethod), Array)
#12 /Users/aleksandr/Documents/web_projetcs/lesenok.local/framework/web/CController.php(308): CInlineAction->runWithParams(Array)
#13 /Users/aleksandr/Documents/web_projetcs/lesenok.local/framework/web/filters/CFilterChain.php(133): CController->runAction(Object(CInlineAction))
#14 /Users/aleksandr/Documents/web_projetcs/lesenok.local/framework/web/filters/CFilter.php(40): CFilterChain->run()
#15 /Users/aleksandr/Documents/web_projetcs/lesenok.local/framework/web/CController.php(1145): CFilter->filter(Object(CFilterChain))
#16 /Users/aleksandr/Documents/web_projetcs/lesenok.local/framework/web/filters/CInlineFilter.php(58): CController->filterAccessControl(Object(CFilterChain))
#17 /Users/aleksandr/Documents/web_projetcs/lesenok.local/framework/web/filters/CFilterChain.php(130): CInlineFilter->filter(Object(CFilterChain))
#18 /Users/aleksandr/Documents/web_projetcs/lesenok.local/framework/web/CController.php(291): CFilterChain->run()
#19 /Users/aleksandr/Documents/web_projetcs/lesenok.local/framework/web/CController.php(265): CController->runActionWithFilters(Object(CInlineAction), Array)
#20 /Users/aleksandr/Documents/web_projetcs/lesenok.local/framework/web/CWebApplication.php(282): CController->run('view')
#21 /Users/aleksandr/Documents/web_projetcs/lesenok.local/framework/web/CWebApplication.php(141): CWebApplication->runController('taxonomy/view')
#22 /Users/aleksandr/Documents/web_projetcs/lesenok.local/framework/base/CApplication.php(180): CWebApplication->processRequest()
#23 /Users/aleksandr/Documents/web_projetcs/lesenok.local/apps/dss/index.php(13): CApplication->run()
#24 {main}
REQUEST_URI=/apps/dss/index.php?r=taxonomy/view&id=2
HTTP_REFERER=http://lesenok.local/apps/dss/index.php?r=taxonomyTerm/create&id=2
---
2014/02/22 20:44:09 [error] [exception.CException] exception 'CException' with message 'Property "CActiveDataProvider.condition" is not defined.' in /Users/aleksandr/Documents/web_projetcs/lesenok.local/framework/base/CComponent.php:173
Stack trace:
#0 /Users/aleksandr/Documents/web_projetcs/lesenok.local/framework/web/CActiveDataProvider.php(96): CComponent->__set('condition', 'taxonomy_id=2')
#1 /Users/aleksandr/Documents/web_projetcs/lesenok.local/apps/dss/protected/views/taxonomy/view.php(33): CActiveDataProvider->__construct('TaxonomyTerm', Array)
#2 /Users/aleksandr/Documents/web_projetcs/lesenok.local/framework/web/CBaseController.php(126): require('/Users/aleksand...')
#3 /Users/aleksandr/Documents/web_projetcs/lesenok.local/framework/web/CBaseController.php(95): CBaseController->renderInternal('/Users/aleksand...', Array, true)
#4 /Users/aleksandr/Documents/web_projetcs/lesenok.local/framework/web/CController.php(869): CBaseController->renderFile('/Users/aleksand...', Array, true)
#5 /Users/aleksandr/Documents/web_projetcs/lesenok.local/framework/web/CController.php(782): CController->renderPartial('view', Array, true)
#6 /Users/aleksandr/Documents/web_projetcs/lesenok.local/apps/dss/protected/controllers/TaxonomyController.php(55): CController->render('view', Array)
#7 [internal function]: TaxonomyController->actionView('2')
#8 /Users/aleksandr/Documents/web_projetcs/lesenok.local/framework/web/actions/CAction.php(108): ReflectionMethod->invokeArgs(Object(TaxonomyController), Array)
#9 /Users/aleksandr/Documents/web_projetcs/lesenok.local/framework/web/actions/CInlineAction.php(47): CAction->runWithParamsInternal(Object(TaxonomyController), Object(ReflectionMethod), Array)
#10 /Users/aleksandr/Documents/web_projetcs/lesenok.local/framework/web/CController.php(308): CInlineAction->runWithParams(Array)
#11 /Users/aleksandr/Documents/web_projetcs/lesenok.local/framework/web/filters/CFilterChain.php(133): CController->runAction(Object(CInlineAction))
#12 /Users/aleksandr/Documents/web_projetcs/lesenok.local/framework/web/filters/CFilter.php(40): CFilterChain->run()
#13 /Users/aleksandr/Documents/web_projetcs/lesenok.local/framework/web/CController.php(1145): CFilter->filter(Object(CFilterChain))
#14 /Users/aleksandr/Documents/web_projetcs/lesenok.local/framework/web/filters/CInlineFilter.php(58): CController->filterAccessControl(Object(CFilterChain))
#15 /Users/aleksandr/Documents/web_projetcs/lesenok.local/framework/web/filters/CFilterChain.php(130): CInlineFilter->filter(Object(CFilterChain))
#16 /Users/aleksandr/Documents/web_projetcs/lesenok.local/framework/web/CController.php(291): CFilterChain->run()
#17 /Users/aleksandr/Documents/web_projetcs/lesenok.local/framework/web/CController.php(265): CController->runActionWithFilters(Object(CInlineAction), Array)
#18 /Users/aleksandr/Documents/web_projetcs/lesenok.local/framework/web/CWebApplication.php(282): CController->run('view')
#19 /Users/aleksandr/Documents/web_projetcs/lesenok.local/framework/web/CWebApplication.php(141): CWebApplication->runController('taxonomy/view')
#20 /Users/aleksandr/Documents/web_projetcs/lesenok.local/framework/base/CApplication.php(180): CWebApplication->processRequest()
#21 /Users/aleksandr/Documents/web_projetcs/lesenok.local/apps/dss/index.php(13): CApplication->run()
#22 {main}
REQUEST_URI=/apps/dss/index.php?r=taxonomy/view&id=2
HTTP_REFERER=http://lesenok.local/apps/dss/index.php?r=taxonomyTerm/create&id=2
---
2014/02/22 20:44:31 [error] [exception.CException] exception 'CException' with message 'Property "CDbCriteria.0" is not defined.' in /Users/aleksandr/Documents/web_projetcs/lesenok.local/framework/base/CComponent.php:173
Stack trace:
#0 /Users/aleksandr/Documents/web_projetcs/lesenok.local/framework/db/schema/CDbCriteria.php(160): CComponent->__set('0', 'taxonomy_id=2')
#1 /Users/aleksandr/Documents/web_projetcs/lesenok.local/framework/web/CActiveDataProvider.php(117): CDbCriteria->__construct(Array)
#2 /Users/aleksandr/Documents/web_projetcs/lesenok.local/framework/base/CComponent.php(152): CActiveDataProvider->setCriteria(Array)
#3 /Users/aleksandr/Documents/web_projetcs/lesenok.local/framework/web/CActiveDataProvider.php(96): CComponent->__set('criteria', Array)
#4 /Users/aleksandr/Documents/web_projetcs/lesenok.local/apps/dss/protected/views/taxonomy/view.php(35): CActiveDataProvider->__construct('TaxonomyTerm', Array)
#5 /Users/aleksandr/Documents/web_projetcs/lesenok.local/framework/web/CBaseController.php(126): require('/Users/aleksand...')
#6 /Users/aleksandr/Documents/web_projetcs/lesenok.local/framework/web/CBaseController.php(95): CBaseController->renderInternal('/Users/aleksand...', Array, true)
#7 /Users/aleksandr/Documents/web_projetcs/lesenok.local/framework/web/CController.php(869): CBaseController->renderFile('/Users/aleksand...', Array, true)
#8 /Users/aleksandr/Documents/web_projetcs/lesenok.local/framework/web/CController.php(782): CController->renderPartial('view', Array, true)
#9 /Users/aleksandr/Documents/web_projetcs/lesenok.local/apps/dss/protected/controllers/TaxonomyController.php(55): CController->render('view', Array)
#10 [internal function]: TaxonomyController->actionView('2')
#11 /Users/aleksandr/Documents/web_projetcs/lesenok.local/framework/web/actions/CAction.php(108): ReflectionMethod->invokeArgs(Object(TaxonomyController), Array)
#12 /Users/aleksandr/Documents/web_projetcs/lesenok.local/framework/web/actions/CInlineAction.php(47): CAction->runWithParamsInternal(Object(TaxonomyController), Object(ReflectionMethod), Array)
#13 /Users/aleksandr/Documents/web_projetcs/lesenok.local/framework/web/CController.php(308): CInlineAction->runWithParams(Array)
#14 /Users/aleksandr/Documents/web_projetcs/lesenok.local/framework/web/filters/CFilterChain.php(133): CController->runAction(Object(CInlineAction))
#15 /Users/aleksandr/Documents/web_projetcs/lesenok.local/framework/web/filters/CFilter.php(40): CFilterChain->run()
#16 /Users/aleksandr/Documents/web_projetcs/lesenok.local/framework/web/CController.php(1145): CFilter->filter(Object(CFilterChain))
#17 /Users/aleksandr/Documents/web_projetcs/lesenok.local/framework/web/filters/CInlineFilter.php(58): CController->filterAccessControl(Object(CFilterChain))
#18 /Users/aleksandr/Documents/web_projetcs/lesenok.local/framework/web/filters/CFilterChain.php(130): CInlineFilter->filter(Object(CFilterChain))
#19 /Users/aleksandr/Documents/web_projetcs/lesenok.local/framework/web/CController.php(291): CFilterChain->run()
#20 /Users/aleksandr/Documents/web_projetcs/lesenok.local/framework/web/CController.php(265): CController->runActionWithFilters(Object(CInlineAction), Array)
#21 /Users/aleksandr/Documents/web_projetcs/lesenok.local/framework/web/CWebApplication.php(282): CController->run('view')
#22 /Users/aleksandr/Documents/web_projetcs/lesenok.local/framework/web/CWebApplication.php(141): CWebApplication->runController('taxonomy/view')
#23 /Users/aleksandr/Documents/web_projetcs/lesenok.local/framework/base/CApplication.php(180): CWebApplication->processRequest()
#24 /Users/aleksandr/Documents/web_projetcs/lesenok.local/apps/dss/index.php(13): CApplication->run()
#25 {main}
REQUEST_URI=/apps/dss/index.php?r=taxonomy/view&id=2
HTTP_REFERER=http://lesenok.local/apps/dss/index.php?r=taxonomyTerm/create&id=2
---
2014/02/22 20:44:45 [error] [exception.CException] exception 'CException' with message 'Property "CDbCriteria.taxonomy_id" is not defined.' in /Users/aleksandr/Documents/web_projetcs/lesenok.local/framework/base/CComponent.php:173
Stack trace:
#0 /Users/aleksandr/Documents/web_projetcs/lesenok.local/framework/db/schema/CDbCriteria.php(160): CComponent->__set('taxonomy_id', '2')
#1 /Users/aleksandr/Documents/web_projetcs/lesenok.local/framework/web/CActiveDataProvider.php(117): CDbCriteria->__construct(Array)
#2 /Users/aleksandr/Documents/web_projetcs/lesenok.local/framework/base/CComponent.php(152): CActiveDataProvider->setCriteria(Array)
#3 /Users/aleksandr/Documents/web_projetcs/lesenok.local/framework/web/CActiveDataProvider.php(96): CComponent->__set('criteria', Array)
#4 /Users/aleksandr/Documents/web_projetcs/lesenok.local/apps/dss/protected/views/taxonomy/view.php(35): CActiveDataProvider->__construct('TaxonomyTerm', Array)
#5 /Users/aleksandr/Documents/web_projetcs/lesenok.local/framework/web/CBaseController.php(126): require('/Users/aleksand...')
#6 /Users/aleksandr/Documents/web_projetcs/lesenok.local/framework/web/CBaseController.php(95): CBaseController->renderInternal('/Users/aleksand...', Array, true)
#7 /Users/aleksandr/Documents/web_projetcs/lesenok.local/framework/web/CController.php(869): CBaseController->renderFile('/Users/aleksand...', Array, true)
#8 /Users/aleksandr/Documents/web_projetcs/lesenok.local/framework/web/CController.php(782): CController->renderPartial('view', Array, true)
#9 /Users/aleksandr/Documents/web_projetcs/lesenok.local/apps/dss/protected/controllers/TaxonomyController.php(55): CController->render('view', Array)
#10 [internal function]: TaxonomyController->actionView('2')
#11 /Users/aleksandr/Documents/web_projetcs/lesenok.local/framework/web/actions/CAction.php(108): ReflectionMethod->invokeArgs(Object(TaxonomyController), Array)
#12 /Users/aleksandr/Documents/web_projetcs/lesenok.local/framework/web/actions/CInlineAction.php(47): CAction->runWithParamsInternal(Object(TaxonomyController), Object(ReflectionMethod), Array)
#13 /Users/aleksandr/Documents/web_projetcs/lesenok.local/framework/web/CController.php(308): CInlineAction->runWithParams(Array)
#14 /Users/aleksandr/Documents/web_projetcs/lesenok.local/framework/web/filters/CFilterChain.php(133): CController->runAction(Object(CInlineAction))
#15 /Users/aleksandr/Documents/web_projetcs/lesenok.local/framework/web/filters/CFilter.php(40): CFilterChain->run()
#16 /Users/aleksandr/Documents/web_projetcs/lesenok.local/framework/web/CController.php(1145): CFilter->filter(Object(CFilterChain))
#17 /Users/aleksandr/Documents/web_projetcs/lesenok.local/framework/web/filters/CInlineFilter.php(58): CController->filterAccessControl(Object(CFilterChain))
#18 /Users/aleksandr/Documents/web_projetcs/lesenok.local/framework/web/filters/CFilterChain.php(130): CInlineFilter->filter(Object(CFilterChain))
#19 /Users/aleksandr/Documents/web_projetcs/lesenok.local/framework/web/CController.php(291): CFilterChain->run()
#20 /Users/aleksandr/Documents/web_projetcs/lesenok.local/framework/web/CController.php(265): CController->runActionWithFilters(Object(CInlineAction), Array)
#21 /Users/aleksandr/Documents/web_projetcs/lesenok.local/framework/web/CWebApplication.php(282): CController->run('view')
#22 /Users/aleksandr/Documents/web_projetcs/lesenok.local/framework/web/CWebApplication.php(141): CWebApplication->runController('taxonomy/view')
#23 /Users/aleksandr/Documents/web_projetcs/lesenok.local/framework/base/CApplication.php(180): CWebApplication->processRequest()
#24 /Users/aleksandr/Documents/web_projetcs/lesenok.local/apps/dss/index.php(13): CApplication->run()
#25 {main}
REQUEST_URI=/apps/dss/index.php?r=taxonomy/view&id=2
HTTP_REFERER=http://lesenok.local/apps/dss/index.php?r=taxonomyTerm/create&id=2
---
2014/02/22 20:48:26 [error] [php] include(TbButtonColumn.php): failed to open stream: No such file or directory (/Users/aleksandr/Documents/web_projetcs/lesenok.local/framework/YiiBase.php:427)
Stack trace:
#0 /Users/aleksandr/Documents/web_projetcs/lesenok.local/framework/YiiBase.php(196): import()
#1 /Users/aleksandr/Documents/web_projetcs/lesenok.local/framework/zii/widgets/grid/CGridView.php(388): createComponent()
#2 /Users/aleksandr/Documents/web_projetcs/lesenok.local/apps/dss/protected/extensions/bootstrap/widgets/TbGridView.php(91): TbGridView->initColumns()
#3 /Users/aleksandr/Documents/web_projetcs/lesenok.local/framework/zii/widgets/grid/CGridView.php(359): TbGridView->initColumns()
#4 /Users/aleksandr/Documents/web_projetcs/lesenok.local/apps/dss/protected/extensions/bootstrap/widgets/TbGridView.php(49): TbGridView->init()
#5 /Users/aleksandr/Documents/web_projetcs/lesenok.local/framework/web/CBaseController.php(147): TbGridView->init()
#6 /Users/aleksandr/Documents/web_projetcs/lesenok.local/framework/web/CBaseController.php(172): TaxonomyController->createWidget()
#7 /Users/aleksandr/Documents/web_projetcs/lesenok.local/apps/dss/protected/views/taxonomy/view.php(50): TaxonomyController->widget()
#8 /Users/aleksandr/Documents/web_projetcs/lesenok.local/framework/web/CBaseController.php(126): require()
#9 /Users/aleksandr/Documents/web_projetcs/lesenok.local/framework/web/CBaseController.php(95): TaxonomyController->renderInternal()
#10 /Users/aleksandr/Documents/web_projetcs/lesenok.local/framework/web/CController.php(869): TaxonomyController->renderFile()
#11 /Users/aleksandr/Documents/web_projetcs/lesenok.local/framework/web/CController.php(782): TaxonomyController->renderPartial()
#12 /Users/aleksandr/Documents/web_projetcs/lesenok.local/apps/dss/protected/controllers/TaxonomyController.php(55): TaxonomyController->render()
#13 unknown(0): TaxonomyController->actionView()
#14 /Users/aleksandr/Documents/web_projetcs/lesenok.local/framework/web/actions/CAction.php(108): ReflectionMethod->invokeArgs()
#15 /Users/aleksandr/Documents/web_projetcs/lesenok.local/framework/web/actions/CInlineAction.php(47): CInlineAction->runWithParamsInternal()
#16 /Users/aleksandr/Documents/web_projetcs/lesenok.local/framework/web/CController.php(308): CInlineAction->runWithParams()
#17 /Users/aleksandr/Documents/web_projetcs/lesenok.local/framework/web/filters/CFilterChain.php(133): TaxonomyController->runAction()
#18 /Users/aleksandr/Documents/web_projetcs/lesenok.local/framework/web/filters/CFilter.php(40): CFilterChain->run()
#19 /Users/aleksandr/Documents/web_projetcs/lesenok.local/framework/web/CController.php(1145): CAccessControlFilter->filter()
#20 /Users/aleksandr/Documents/web_projetcs/lesenok.local/framework/web/filters/CInlineFilter.php(58): TaxonomyController->filterAccessControl()
#21 /Users/aleksandr/Documents/web_projetcs/lesenok.local/framework/web/filters/CFilterChain.php(130): CInlineFilter->filter()
#22 /Users/aleksandr/Documents/web_projetcs/lesenok.local/framework/web/CController.php(291): CFilterChain->run()
#23 /Users/aleksandr/Documents/web_projetcs/lesenok.local/framework/web/CController.php(265): TaxonomyController->runActionWithFilters()
#24 /Users/aleksandr/Documents/web_projetcs/lesenok.local/framework/web/CWebApplication.php(282): TaxonomyController->run()
#25 /Users/aleksandr/Documents/web_projetcs/lesenok.local/framework/web/CWebApplication.php(141): CWebApplication->runController()
#26 /Users/aleksandr/Documents/web_projetcs/lesenok.local/framework/base/CApplication.php(180): CWebApplication->processRequest()
#27 /Users/aleksandr/Documents/web_projetcs/lesenok.local/apps/dss/index.php(13): CWebApplication->run()
REQUEST_URI=/apps/dss/index.php?r=taxonomy/view&id=2
in /Users/aleksandr/Documents/web_projetcs/lesenok.local/apps/dss/protected/extensions/bootstrap/widgets/TbGridView.php (91)
in /Users/aleksandr/Documents/web_projetcs/lesenok.local/apps/dss/protected/extensions/bootstrap/widgets/TbGridView.php (49)
in /Users/aleksandr/Documents/web_projetcs/lesenok.local/apps/dss/protected/views/taxonomy/view.php (50)
2014/02/22 20:49:17 [error] [exception.CHttpException.404] exception 'CHttpException' with message 'The requested page does not exist.' in /Users/aleksandr/Documents/web_projetcs/lesenok.local/apps/dss/protected/controllers/TaxonomyController.php:160
Stack trace:
#0 /Users/aleksandr/Documents/web_projetcs/lesenok.local/apps/dss/protected/controllers/TaxonomyController.php(54): TaxonomyController->loadModel('1')
#1 [internal function]: TaxonomyController->actionView('1')
#2 /Users/aleksandr/Documents/web_projetcs/lesenok.local/framework/web/actions/CAction.php(108): ReflectionMethod->invokeArgs(Object(TaxonomyController), Array)
#3 /Users/aleksandr/Documents/web_projetcs/lesenok.local/framework/web/actions/CInlineAction.php(47): CAction->runWithParamsInternal(Object(TaxonomyController), Object(ReflectionMethod), Array)
#4 /Users/aleksandr/Documents/web_projetcs/lesenok.local/framework/web/CController.php(308): CInlineAction->runWithParams(Array)
#5 /Users/aleksandr/Documents/web_projetcs/lesenok.local/framework/web/filters/CFilterChain.php(133): CController->runAction(Object(CInlineAction))
#6 /Users/aleksandr/Documents/web_projetcs/lesenok.local/framework/web/filters/CFilter.php(40): CFilterChain->run()
#7 /Users/aleksandr/Documents/web_projetcs/lesenok.local/framework/web/CController.php(1145): CFilter->filter(Object(CFilterChain))
#8 /Users/aleksandr/Documents/web_projetcs/lesenok.local/framework/web/filters/CInlineFilter.php(58): CController->filterAccessControl(Object(CFilterChain))
#9 /Users/aleksandr/Documents/web_projetcs/lesenok.local/framework/web/filters/CFilterChain.php(130): CInlineFilter->filter(Object(CFilterChain))
#10 /Users/aleksandr/Documents/web_projetcs/lesenok.local/framework/web/CController.php(291): CFilterChain->run()
#11 /Users/aleksandr/Documents/web_projetcs/lesenok.local/framework/web/CController.php(265): CController->runActionWithFilters(Object(CInlineAction), Array)
#12 /Users/aleksandr/Documents/web_projetcs/lesenok.local/framework/web/CWebApplication.php(282): CController->run('view')
#13 /Users/aleksandr/Documents/web_projetcs/lesenok.local/framework/web/CWebApplication.php(141): CWebApplication->runController('taxonomy/view')
#14 /Users/aleksandr/Documents/web_projetcs/lesenok.local/framework/base/CApplication.php(180): CWebApplication->processRequest()
#15 /Users/aleksandr/Documents/web_projetcs/lesenok.local/apps/dss/index.php(13): CApplication->run()
#16 {main}
REQUEST_URI=/apps/dss/index.php?r=taxonomy/view&id=1
HTTP_REFERER=http://lesenok.local/apps/dss/index.php?r=taxonomy/view&id=2
---
2014/02/22 20:49:25 [error] [exception.CHttpException.404] exception 'CHttpException' with message 'The requested page does not exist.' in /Users/aleksandr/Documents/web_projetcs/lesenok.local/apps/dss/protected/controllers/TaxonomyController.php:160
Stack trace:
#0 /Users/aleksandr/Documents/web_projetcs/lesenok.local/apps/dss/protected/controllers/TaxonomyController.php(88): TaxonomyController->loadModel('1')
#1 [internal function]: TaxonomyController->actionUpdate('1')
#2 /Users/aleksandr/Documents/web_projetcs/lesenok.local/framework/web/actions/CAction.php(108): ReflectionMethod->invokeArgs(Object(TaxonomyController), Array)
#3 /Users/aleksandr/Documents/web_projetcs/lesenok.local/framework/web/actions/CInlineAction.php(47): CAction->runWithParamsInternal(Object(TaxonomyController), Object(ReflectionMethod), Array)
#4 /Users/aleksandr/Documents/web_projetcs/lesenok.local/framework/web/CController.php(308): CInlineAction->runWithParams(Array)
#5 /Users/aleksandr/Documents/web_projetcs/lesenok.local/framework/web/filters/CFilterChain.php(133): CController->runAction(Object(CInlineAction))
#6 /Users/aleksandr/Documents/web_projetcs/lesenok.local/framework/web/filters/CFilter.php(40): CFilterChain->run()
#7 /Users/aleksandr/Documents/web_projetcs/lesenok.local/framework/web/CController.php(1145): CFilter->filter(Object(CFilterChain))
#8 /Users/aleksandr/Documents/web_projetcs/lesenok.local/framework/web/filters/CInlineFilter.php(58): CController->filterAccessControl(Object(CFilterChain))
#9 /Users/aleksandr/Documents/web_projetcs/lesenok.local/framework/web/filters/CFilterChain.php(130): CInlineFilter->filter(Object(CFilterChain))
#10 /Users/aleksandr/Documents/web_projetcs/lesenok.local/framework/web/CController.php(291): CFilterChain->run()
#11 /Users/aleksandr/Documents/web_projetcs/lesenok.local/framework/web/CController.php(265): CController->runActionWithFilters(Object(CInlineAction), Array)
#12 /Users/aleksandr/Documents/web_projetcs/lesenok.local/framework/web/CWebApplication.php(282): CController->run('update')
#13 /Users/aleksandr/Documents/web_projetcs/lesenok.local/framework/web/CWebApplication.php(141): CWebApplication->runController('taxonomy/update')
#14 /Users/aleksandr/Documents/web_projetcs/lesenok.local/framework/base/CApplication.php(180): CWebApplication->processRequest()
#15 /Users/aleksandr/Documents/web_projetcs/lesenok.local/apps/dss/index.php(13): CApplication->run()
#16 {main}
REQUEST_URI=/apps/dss/index.php?r=taxonomy/update&id=1
HTTP_REFERER=http://lesenok.local/apps/dss/index.php?r=taxonomy/view&id=2
---
2014/02/22 20:52:47 [error] [php] call_user_func_array() expects parameter 1 to be a valid callback, no array or string given (/Users/aleksandr/Documents/web_projetcs/lesenok.local/framework/base/CComponent.php:617)
Stack trace:
#0 /Users/aleksandr/Documents/web_projetcs/lesenok.local/framework/zii/widgets/grid/CButtonColumn.php(319): TbButtonColumn->renderButton()
#1 /Users/aleksandr/Documents/web_projetcs/lesenok.local/framework/zii/widgets/grid/CGridColumn.php(151): TbButtonColumn->renderDataCellContent()
#2 /Users/aleksandr/Documents/web_projetcs/lesenok.local/framework/zii/widgets/grid/CGridView.php(616): TbButtonColumn->renderDataCell()
#3 /Users/aleksandr/Documents/web_projetcs/lesenok.local/framework/zii/widgets/grid/CGridView.php(572): TbGridView->renderTableRow()
#4 /Users/aleksandr/Documents/web_projetcs/lesenok.local/framework/zii/widgets/grid/CGridView.php(482): TbGridView->renderTableBody()
#5 /Users/aleksandr/Documents/web_projetcs/lesenok.local/framework/zii/widgets/CBaseListView.php(167): TbGridView->renderItems()
#6 unknown(0): TbGridView->renderSection()
#7 /Users/aleksandr/Documents/web_projetcs/lesenok.local/framework/zii/widgets/CBaseListView.php(150): preg_replace_callback()
#8 /Users/aleksandr/Documents/web_projetcs/lesenok.local/framework/zii/widgets/CBaseListView.php(135): TbGridView->renderContent()
#9 /Users/aleksandr/Documents/web_projetcs/lesenok.local/framework/web/CBaseController.php(173): TbGridView->run()
#10 /Users/aleksandr/Documents/web_projetcs/lesenok.local/apps/dss/protected/views/taxonomy/view.php(55): TaxonomyController->widget()
#11 /Users/aleksandr/Documents/web_projetcs/lesenok.local/framework/web/CBaseController.php(126): require()
#12 /Users/aleksandr/Documents/web_projetcs/lesenok.local/framework/web/CBaseController.php(95): TaxonomyController->renderInternal()
#13 /Users/aleksandr/Documents/web_projetcs/lesenok.local/framework/web/CController.php(869): TaxonomyController->renderFile()
#14 /Users/aleksandr/Documents/web_projetcs/lesenok.local/framework/web/CController.php(782): TaxonomyController->renderPartial()
#15 /Users/aleksandr/Documents/web_projetcs/lesenok.local/apps/dss/protected/controllers/TaxonomyController.php(55): TaxonomyController->render()
#16 unknown(0): TaxonomyController->actionView()
#17 /Users/aleksandr/Documents/web_projetcs/lesenok.local/framework/web/actions/CAction.php(108): ReflectionMethod->invokeArgs()
#18 /Users/aleksandr/Documents/web_projetcs/lesenok.local/framework/web/actions/CInlineAction.php(47): CInlineAction->runWithParamsInternal()
#19 /Users/aleksandr/Documents/web_projetcs/lesenok.local/framework/web/CController.php(308): CInlineAction->runWithParams()
#20 /Users/aleksandr/Documents/web_projetcs/lesenok.local/framework/web/filters/CFilterChain.php(133): TaxonomyController->runAction()
#21 /Users/aleksandr/Documents/web_projetcs/lesenok.local/framework/web/filters/CFilter.php(40): CFilterChain->run()
#22 /Users/aleksandr/Documents/web_projetcs/lesenok.local/framework/web/CController.php(1145): CAccessControlFilter->filter()
#23 /Users/aleksandr/Documents/web_projetcs/lesenok.local/framework/web/filters/CInlineFilter.php(58): TaxonomyController->filterAccessControl()
#24 /Users/aleksandr/Documents/web_projetcs/lesenok.local/framework/web/filters/CFilterChain.php(130): CInlineFilter->filter()
#25 /Users/aleksandr/Documents/web_projetcs/lesenok.local/framework/web/CController.php(291): CFilterChain->run()
#26 /Users/aleksandr/Documents/web_projetcs/lesenok.local/framework/web/CController.php(265): TaxonomyController->runActionWithFilters()
#27 /Users/aleksandr/Documents/web_projetcs/lesenok.local/framework/web/CWebApplication.php(282): TaxonomyController->run()
#28 /Users/aleksandr/Documents/web_projetcs/lesenok.local/framework/web/CWebApplication.php(141): CWebApplication->runController()
#29 /Users/aleksandr/Documents/web_projetcs/lesenok.local/framework/base/CApplication.php(180): CWebApplication->processRequest()
#30 /Users/aleksandr/Documents/web_projetcs/lesenok.local/apps/dss/index.php(13): CWebApplication->run()
REQUEST_URI=/apps/dss/index.php?r=taxonomy/view&id=2
in /Users/aleksandr/Documents/web_projetcs/lesenok.local/apps/dss/protected/extensions/bootstrap/widgets/TbButtonColumn.php (56)
in /Users/aleksandr/Documents/web_projetcs/lesenok.local/apps/dss/protected/views/taxonomy/view.php (55)
in /Users/aleksandr/Documents/web_projetcs/lesenok.local/apps/dss/protected/controllers/TaxonomyController.php (55)
2014/02/22 20:55:55 [error] [php] call_user_func_array() expects parameter 1 to be a valid callback, second array member is not a valid method (/Users/aleksandr/Documents/web_projetcs/lesenok.local/framework/base/CComponent.php:617)
Stack trace:
#0 /Users/aleksandr/Documents/web_projetcs/lesenok.local/framework/zii/widgets/grid/CButtonColumn.php(319): TbButtonColumn->renderButton()
#1 /Users/aleksandr/Documents/web_projetcs/lesenok.local/framework/zii/widgets/grid/CGridColumn.php(151): TbButtonColumn->renderDataCellContent()
#2 /Users/aleksandr/Documents/web_projetcs/lesenok.local/framework/zii/widgets/grid/CGridView.php(616): TbButtonColumn->renderDataCell()
#3 /Users/aleksandr/Documents/web_projetcs/lesenok.local/framework/zii/widgets/grid/CGridView.php(572): TbGridView->renderTableRow()
#4 /Users/aleksandr/Documents/web_projetcs/lesenok.local/framework/zii/widgets/grid/CGridView.php(482): TbGridView->renderTableBody()
#5 /Users/aleksandr/Documents/web_projetcs/lesenok.local/framework/zii/widgets/CBaseListView.php(167): TbGridView->renderItems()
#6 unknown(0): TbGridView->renderSection()
#7 /Users/aleksandr/Documents/web_projetcs/lesenok.local/framework/zii/widgets/CBaseListView.php(150): preg_replace_callback()
#8 /Users/aleksandr/Documents/web_projetcs/lesenok.local/framework/zii/widgets/CBaseListView.php(135): TbGridView->renderContent()
#9 /Users/aleksandr/Documents/web_projetcs/lesenok.local/framework/web/CBaseController.php(173): TbGridView->run()
#10 /Users/aleksandr/Documents/web_projetcs/lesenok.local/apps/dss/protected/views/taxonomy/view.php(58): TaxonomyController->widget()
#11 /Users/aleksandr/Documents/web_projetcs/lesenok.local/framework/web/CBaseController.php(126): require()
#12 /Users/aleksandr/Documents/web_projetcs/lesenok.local/framework/web/CBaseController.php(95): TaxonomyController->renderInternal()
#13 /Users/aleksandr/Documents/web_projetcs/lesenok.local/framework/web/CController.php(869): TaxonomyController->renderFile()
#14 /Users/aleksandr/Documents/web_projetcs/lesenok.local/framework/web/CController.php(782): TaxonomyController->renderPartial()
#15 /Users/aleksandr/Documents/web_projetcs/lesenok.local/apps/dss/protected/controllers/TaxonomyController.php(55): TaxonomyController->render()
#16 unknown(0): TaxonomyController->actionView()
#17 /Users/aleksandr/Documents/web_projetcs/lesenok.local/framework/web/actions/CAction.php(108): ReflectionMethod->invokeArgs()
#18 /Users/aleksandr/Documents/web_projetcs/lesenok.local/framework/web/actions/CInlineAction.php(47): CInlineAction->runWithParamsInternal()
#19 /Users/aleksandr/Documents/web_projetcs/lesenok.local/framework/web/CController.php(308): CInlineAction->runWithParams()
#20 /Users/aleksandr/Documents/web_projetcs/lesenok.local/framework/web/filters/CFilterChain.php(133): TaxonomyController->runAction()
#21 /Users/aleksandr/Documents/web_projetcs/lesenok.local/framework/web/filters/CFilter.php(40): CFilterChain->run()
#22 /Users/aleksandr/Documents/web_projetcs/lesenok.local/framework/web/CController.php(1145): CAccessControlFilter->filter()
#23 /Users/aleksandr/Documents/web_projetcs/lesenok.local/framework/web/filters/CInlineFilter.php(58): TaxonomyController->filterAccessControl()
#24 /Users/aleksandr/Documents/web_projetcs/lesenok.local/framework/web/filters/CFilterChain.php(130): CInlineFilter->filter()
#25 /Users/aleksandr/Documents/web_projetcs/lesenok.local/framework/web/CController.php(291): CFilterChain->run()
#26 /Users/aleksandr/Documents/web_projetcs/lesenok.local/framework/web/CController.php(265): TaxonomyController->runActionWithFilters()
#27 /Users/aleksandr/Documents/web_projetcs/lesenok.local/framework/web/CWebApplication.php(282): TaxonomyController->run()
#28 /Users/aleksandr/Documents/web_projetcs/lesenok.local/framework/web/CWebApplication.php(141): CWebApplication->runController()
#29 /Users/aleksandr/Documents/web_projetcs/lesenok.local/framework/base/CApplication.php(180): CWebApplication->processRequest()
#30 /Users/aleksandr/Documents/web_projetcs/lesenok.local/apps/dss/index.php(13): CWebApplication->run()
REQUEST_URI=/apps/dss/index.php?r=taxonomy/view&id=2
in /Users/aleksandr/Documents/web_projetcs/lesenok.local/apps/dss/protected/extensions/bootstrap/widgets/TbButtonColumn.php (60)
in /Users/aleksandr/Documents/web_projetcs/lesenok.local/apps/dss/protected/views/taxonomy/view.php (58)
in /Users/aleksandr/Documents/web_projetcs/lesenok.local/apps/dss/protected/controllers/TaxonomyController.php (55)
2014/02/22 20:58:26 [error] [php] Non-static method CController::createUrl() should not be called statically, assuming $this from incompatible context (/Users/aleksandr/Documents/web_projetcs/lesenok.local/framework/base/CComponent.php(612) : eval()'d code:1)
Stack trace:
#0 /Users/aleksandr/Documents/web_projetcs/lesenok.local/framework/zii/widgets/grid/CButtonColumn.php(319): TbButtonColumn->renderButton()
#1 /Users/aleksandr/Documents/web_projetcs/lesenok.local/framework/zii/widgets/grid/CGridColumn.php(151): TbButtonColumn->renderDataCellContent()
#2 /Users/aleksandr/Documents/web_projetcs/lesenok.local/framework/zii/widgets/grid/CGridView.php(616): TbButtonColumn->renderDataCell()
#3 /Users/aleksandr/Documents/web_projetcs/lesenok.local/framework/zii/widgets/grid/CGridView.php(572): TbGridView->renderTableRow()
#4 /Users/aleksandr/Documents/web_projetcs/lesenok.local/framework/zii/widgets/grid/CGridView.php(482): TbGridView->renderTableBody()
#5 /Users/aleksandr/Documents/web_projetcs/lesenok.local/framework/zii/widgets/CBaseListView.php(167): TbGridView->renderItems()
#6 unknown(0): TbGridView->renderSection()
#7 /Users/aleksandr/Documents/web_projetcs/lesenok.local/framework/zii/widgets/CBaseListView.php(150): preg_replace_callback()
#8 /Users/aleksandr/Documents/web_projetcs/lesenok.local/framework/zii/widgets/CBaseListView.php(135): TbGridView->renderContent()
#9 /Users/aleksandr/Documents/web_projetcs/lesenok.local/framework/web/CBaseController.php(173): TbGridView->run()
#10 /Users/aleksandr/Documents/web_projetcs/lesenok.local/apps/dss/protected/views/taxonomy/view.php(58): TaxonomyController->widget()
#11 /Users/aleksandr/Documents/web_projetcs/lesenok.local/framework/web/CBaseController.php(126): require()
#12 /Users/aleksandr/Documents/web_projetcs/lesenok.local/framework/web/CBaseController.php(95): TaxonomyController->renderInternal()
#13 /Users/aleksandr/Documents/web_projetcs/lesenok.local/framework/web/CController.php(869): TaxonomyController->renderFile()
#14 /Users/aleksandr/Documents/web_projetcs/lesenok.local/framework/web/CController.php(782): TaxonomyController->renderPartial()
#15 /Users/aleksandr/Documents/web_projetcs/lesenok.local/apps/dss/protected/controllers/TaxonomyController.php(55): TaxonomyController->render()
#16 unknown(0): TaxonomyController->actionView()
#17 /Users/aleksandr/Documents/web_projetcs/lesenok.local/framework/web/actions/CAction.php(108): ReflectionMethod->invokeArgs()
#18 /Users/aleksandr/Documents/web_projetcs/lesenok.local/framework/web/actions/CInlineAction.php(47): CInlineAction->runWithParamsInternal()
#19 /Users/aleksandr/Documents/web_projetcs/lesenok.local/framework/web/CController.php(308): CInlineAction->runWithParams()
#20 /Users/aleksandr/Documents/web_projetcs/lesenok.local/framework/web/filters/CFilterChain.php(133): TaxonomyController->runAction()
#21 /Users/aleksandr/Documents/web_projetcs/lesenok.local/framework/web/filters/CFilter.php(40): CFilterChain->run()
#22 /Users/aleksandr/Documents/web_projetcs/lesenok.local/framework/web/CController.php(1145): CAccessControlFilter->filter()
#23 /Users/aleksandr/Documents/web_projetcs/lesenok.local/framework/web/filters/CInlineFilter.php(58): TaxonomyController->filterAccessControl()
#24 /Users/aleksandr/Documents/web_projetcs/lesenok.local/framework/web/filters/CFilterChain.php(130): CInlineFilter->filter()
#25 /Users/aleksandr/Documents/web_projetcs/lesenok.local/framework/web/CController.php(291): CFilterChain->run()
#26 /Users/aleksandr/Documents/web_projetcs/lesenok.local/framework/web/CController.php(265): TaxonomyController->runActionWithFilters()
#27 /Users/aleksandr/Documents/web_projetcs/lesenok.local/framework/web/CWebApplication.php(282): TaxonomyController->run()
#28 /Users/aleksandr/Documents/web_projetcs/lesenok.local/framework/web/CWebApplication.php(141): CWebApplication->runController()
#29 /Users/aleksandr/Documents/web_projetcs/lesenok.local/framework/base/CApplication.php(180): CWebApplication->processRequest()
#30 /Users/aleksandr/Documents/web_projetcs/lesenok.local/apps/dss/index.php(13): CWebApplication->run()
REQUEST_URI=/apps/dss/index.php?r=taxonomy/view&id=2
in /Users/aleksandr/Documents/web_projetcs/lesenok.local/apps/dss/protected/extensions/bootstrap/widgets/TbButtonColumn.php (60)
in /Users/aleksandr/Documents/web_projetcs/lesenok.local/apps/dss/protected/views/taxonomy/view.php (58)
in /Users/aleksandr/Documents/web_projetcs/lesenok.local/apps/dss/protected/controllers/TaxonomyController.php (55)
2014/02/22 21:23:58 [error] [exception.CHttpException.404] exception 'CHttpException' with message 'Unable to resolve the request "taxonomy/index".' in /Users/aleksandr/Documents/web_projetcs/lesenok.local/framework/web/CWebApplication.php:286
Stack trace:
#0 /Users/aleksandr/Documents/web_projetcs/lesenok.local/framework/web/CWebApplication.php(141): CWebApplication->runController('taxonomy/index')
#1 /Users/aleksandr/Documents/web_projetcs/lesenok.local/framework/base/CApplication.php(180): CWebApplication->processRequest()
#2 /Users/aleksandr/Documents/web_projetcs/lesenok.local/apps/dss/index.php(13): CApplication->run()
#3 {main}
REQUEST_URI=/apps/dss/index.php?r=taxonomy/index
HTTP_REFERER=http://lesenok.local/apps/dss/index.php?r=taxonomy
---
2014/02/22 21:26:47 [error] [exception.CHttpException.404] exception 'CHttpException' with message 'Unable to resolve the request "taxonomy/index".' in /Users/aleksandr/Documents/web_projetcs/lesenok.local/framework/web/CWebApplication.php:286
Stack trace:
#0 /Users/aleksandr/Documents/web_projetcs/lesenok.local/framework/web/CWebApplication.php(141): CWebApplication->runController('taxonomy/index')
#1 /Users/aleksandr/Documents/web_projetcs/lesenok.local/framework/base/CApplication.php(180): CWebApplication->processRequest()
#2 /Users/aleksandr/Documents/web_projetcs/lesenok.local/apps/dss/index.php(13): CApplication->run()
#3 {main}
REQUEST_URI=/apps/dss/index.php?r=taxonomy/index
HTTP_REFERER=http://lesenok.local/apps/dss/index.php?r=site/index
---
2014/02/22 21:27:21 [error] [exception.CHttpException.404] exception 'CHttpException' with message 'Unable to resolve the request "taxonomy/index".' in /Users/aleksandr/Documents/web_projetcs/lesenok.local/framework/web/CWebApplication.php:286
Stack trace:
#0 /Users/aleksandr/Documents/web_projetcs/lesenok.local/framework/web/CWebApplication.php(141): CWebApplication->runController('taxonomy/index')
#1 /Users/aleksandr/Documents/web_projetcs/lesenok.local/framework/base/CApplication.php(180): CWebApplication->processRequest()
#2 /Users/aleksandr/Documents/web_projetcs/lesenok.local/apps/dss/index.php(13): CApplication->run()
#3 {main}
REQUEST_URI=/apps/dss/index.php?r=taxonomy/index
HTTP_REFERER=http://lesenok.local/apps/dss/index.php?r=site/index
---
2014/02/22 21:27:29 [error] [exception.CHttpException.404] exception 'CHttpException' with message 'Unable to resolve the request "taxonomyTerm/create".' in /Users/aleksandr/Documents/web_projetcs/lesenok.local/framework/web/CWebApplication.php:286
Stack trace:
#0 /Users/aleksandr/Documents/web_projetcs/lesenok.local/framework/web/CWebApplication.php(141): CWebApplication->runController('taxonomyTerm/cr...')
#1 /Users/aleksandr/Documents/web_projetcs/lesenok.local/framework/base/CApplication.php(180): CWebApplication->processRequest()
#2 /Users/aleksandr/Documents/web_projetcs/lesenok.local/apps/dss/index.php(13): CApplication->run()
#3 {main}
REQUEST_URI=/apps/dss/index.php?r=taxonomyTerm/create&id=2
HTTP_REFERER=http://lesenok.local/apps/dss/index.php?r=taxonomy/taxonomy/view&id=2
---
2014/02/22 21:28:10 [error] [exception.CHttpException.404] exception 'CHttpException' with message 'Unable to resolve the request "taxonomy/view".' in /Users/aleksandr/Documents/web_projetcs/lesenok.local/framework/web/CWebApplication.php:286
Stack trace:
#0 /Users/aleksandr/Documents/web_projetcs/lesenok.local/framework/web/CWebApplication.php(141): CWebApplication->runController('taxonomy/view')
#1 /Users/aleksandr/Documents/web_projetcs/lesenok.local/framework/base/CApplication.php(180): CWebApplication->processRequest()
#2 /Users/aleksandr/Documents/web_projetcs/lesenok.local/apps/dss/index.php(13): CApplication->run()
#3 {main}
REQUEST_URI=/apps/dss/index.php?r=taxonomy/view&id=2
HTTP_REFERER=http://lesenok.local/apps/dss/index.php?r=taxonomy/taxonomyTerm/create&id=2
---
2014/02/22 21:28:26 [error] [exception.CHttpException.404] exception 'CHttpException' with message 'Unable to resolve the request "taxonomy/view".' in /Users/aleksandr/Documents/web_projetcs/lesenok.local/framework/web/CWebApplication.php:286
Stack trace:
#0 /Users/aleksandr/Documents/web_projetcs/lesenok.local/framework/web/CWebApplication.php(141): CWebApplication->runController('taxonomy/view')
#1 /Users/aleksandr/Documents/web_projetcs/lesenok.local/framework/base/CApplication.php(180): CWebApplication->processRequest()
#2 /Users/aleksandr/Documents/web_projetcs/lesenok.local/apps/dss/index.php(13): CApplication->run()
#3 {main}
REQUEST_URI=/apps/dss/index.php?r=taxonomy/view&id=2
HTTP_REFERER=http://lesenok.local/apps/dss/index.php?r=taxonomy/taxonomyTerm/create&id=2
---
